<?xml version="1.0" encoding="UTF-8" ?>
<testsuite errors="0" failures="0" hostname="DESKTOP-T29JRMR" name="InitJDBCTest" skipped="0" tests="3" time="1.059" timestamp="2017-06-27T22:37:14">
  <properties>
[...]
</properties>
  <testcase classname="InitJDBCTest" name="queryTest" time="0.492" />
  <testcase classname="InitJDBCTest" name="getDb_NameTest" time="0.19" />
  <testcase classname="InitJDBCTest" name="queryResultTest" time="0.298" />
  <system-out><![CDATA[]]></system-out>
  <system-err><![CDATA[]]></system-err>
</testsuite>
