<?xml version="1.0" encoding="UTF-8" ?>
<testsuites>
  <testsuite errors="0" failures="0" hostname="DESKTOP-T29JRMR" id="0" name="CheckConnectionTest" package="" skipped="0" tests="1" time="0.101" timestamp="2017-06-27T22:37:13">
      <properties>
[...]
</properties>

      <testcase classname="CheckConnectionTest" name="stringToMapTest" time="0.009" />

      <system-out><![CDATA[]]></system-out>

      <system-err><![CDATA[]]></system-err>

  </testsuite>
  <testsuite errors="0" failures="0" hostname="DESKTOP-T29JRMR" id="1" name="CryptageTest" package="" skipped="0" tests="1" time="0.097" timestamp="2017-06-27T22:37:13">
      <properties>
[...]
</properties>

      <testcase classname="CryptageTest" name="testDecrypt" time="0.006" />

      <system-out><![CDATA[]]></system-out>

      <system-err><![CDATA[]]></system-err>

  </testsuite>
  <testsuite errors="0" failures="0" hostname="DESKTOP-T29JRMR" id="2" name="InitJDBCTest" package="" skipped="0" tests="3" time="1.059" timestamp="2017-06-27T22:37:14">
      <properties>
[...]
</properties>

      <testcase classname="InitJDBCTest" name="queryTest" time="0.492" />

      <testcase classname="InitJDBCTest" name="getDb_NameTest" time="0.19" />

      <testcase classname="InitJDBCTest" name="queryResultTest" time="0.298" />

      <system-out><![CDATA[]]></system-out>

      <system-err><![CDATA[]]></system-err>

  </testsuite>
  <testsuite errors="0" failures="0" hostname="DESKTOP-T29JRMR" id="3" name="RWFileTest" package="" skipped="0" tests="1" time="0.099" timestamp="2017-06-27T22:37:16">
      <properties>
[...]
</properties>

      <testcase classname="RWFileTest" name="readFileTest" time="0.01" />

      <system-out><![CDATA[]]></system-out>

      <system-err><![CDATA[]]></system-err>

  </testsuite>
  <testsuite errors="0" failures="0" hostname="DESKTOP-T29JRMR" id="4" name="TableTest" package="" skipped="0" tests="7" time="3.542" timestamp="2017-06-27T22:37:16">
      <properties>
[...]
</properties>

      <testcase classname="TableTest" name="nbTuplesTest" time="0.569" />

      <testcase classname="TableTest" name="getTableNameTest" time="0.637" />

      <testcase classname="TableTest" name="numberOfColumnTest" time="0.329" />

      <testcase classname="TableTest" name="tableToArrayListTest" time="0.368" />

      <testcase classname="TableTest" name="returnTableTest" time="0.323" />

      <testcase classname="TableTest" name="getColumnNameTest" time="0.18" />

      <testcase classname="TableTest" name="numberOfTableTest" time="0.603" />

      <system-out><![CDATA[]]></system-out>

      <system-err><![CDATA[]]></system-err>

  </testsuite>
  <testsuite errors="0" failures="0" hostname="DESKTOP-T29JRMR" id="5" name="TriggerTest" package="" skipped="0" tests="3" time="2.129" timestamp="2017-06-27T22:37:20">
      <properties>
[...]
</properties>

      <testcase classname="TriggerTest" name="numberOfTriggerTest" time="0.683" />

      <testcase classname="TriggerTest" name="getTriggerNameTest" time="0.597" />

      <testcase classname="TriggerTest" name="getCodeTriggerTest" time="0.381" />

      <system-out><![CDATA[]]></system-out>

      <system-err><![CDATA[]]></system-err>

  </testsuite>
  <testsuite errors="0" failures="0" hostname="DESKTOP-T29JRMR" id="6" name="ViewTest" package="" skipped="0" tests="5" time="3.006" timestamp="2017-06-27T22:37:23">
      <properties>
[...]
</properties>

      <testcase classname="ViewTest" name="numberOfViewTest" time="0.636" />

      <testcase classname="ViewTest" name="verifAttributTest" time="0.394" />

      <testcase classname="ViewTest" name="getViewNameTest" time="0.642" />

      <testcase classname="ViewTest" name="numberColumnViewTest" time="0.38" />

      <testcase classname="ViewTest" name="getCodeTriggerTest" time="0.457" />

      <system-out><![CDATA[]]></system-out>

      <system-err><![CDATA[]]></system-err>

  </testsuite>
</testsuites>
